#
# There is insufficient memory for the Java Runtime Environment to continue.
# Native memory allocation (malloc) failed to allocate 1048576 bytes for AllocateHeap
# Possible reasons:
#   The system is out of physical RAM or swap space
#   In 32 bit mode, the process size limit was hit
# Possible solutions:
#   Reduce memory load on the system
#   Increase physical memory or swap space
#   Check if swap backing store is full
#   Use 64 bit Java on a 64 bit OS
#   Decrease Java heap size (-Xmx/-Xms)
#   Decrease number of Java threads
#   Decrease Java thread stack sizes (-Xss)
#   Set larger code cache with -XX:ReservedCodeCacheSize=
# This output file may be truncated or incomplete.
#
#  Out of Memory Error (memory/allocation.inline.hpp:61), pid=10340, tid=0x0000000000001e78
#
# JRE version:  (8.0_152-b01) (build )
# Java VM: OpenJDK 64-Bit Server VM (25.152-b01 mixed mode windows-amd64 compressed oops)
# Failed to write core dump. Minidumps are not enabled by default on client versions of Windows
#

---------------  T H R E A D  ---------------

Current thread (0x000000000527e800):  JavaThread "Unknown thread" [_thread_in_vm, id=7800, stack(0x0000000005090000,0x0000000005190000)]

Stack: [0x0000000005090000,0x0000000005190000]
[error occurred during error reporting (printing stack bounds), id 0xc0000005]

Native frames: (J=compiled Java code, j=interpreted, Vv=VM code, C=native code)


---------------  P R O C E S S  ---------------

Java Threads: ( => current thread )

Other Threads:

=>0x000000000527e800 (exited) JavaThread "Unknown thread" [_thread_in_vm, id=7800, stack(0x0000000005090000,0x0000000005190000)]

VM state:not at safepoint (normal execution)

VM Mutex/Monitor currently owned by a thread: None

Heap:
 PSYoungGen      total 38400K, used 665K [0x00000000eab00000, 0x00000000ed580000, 0x0000000100000000)
  eden space 33280K, 2% used [0x00000000eab00000,0x00000000eaba6670,0x00000000ecb80000)
  from space 5120K, 0% used [0x00000000ed080000,0x00000000ed080000,0x00000000ed580000)
  to   space 5120K, 0% used [0x00000000ecb80000,0x00000000ecb80000,0x00000000ed080000)
 ParOldGen       total 87552K, used 0K [0x00000000c0000000, 0x00000000c5580000, 0x00000000eab00000)
  object space 87552K, 0% used [0x00000000c0000000,0x00000000c0000000,0x00000000c5580000)
 Metaspace       used 772K, capacity 4480K, committed 4480K, reserved 1056768K
  class space    used 73K, capacity 384K, committed 384K, reserved 1048576K

Card table byte_map: [0x0000000014740000,0x0000000014950000] byte_map_base: 0x0000000014140000

Marking Bits: (ParMarkBitMap*) 0x00000000777c3950
 Begin Bits: [0x00000000152b0000, 0x00000000162b0000)
 End Bits:   [0x00000000162b0000, 0x00000000172b0000)

Polling page: 0x0000000000fe0000

CodeCache: size=245760Kb used=328Kb max_used=328Kb free=245431Kb
 bounds [0x0000000005380000, 0x00000000055f0000, 0x0000000014380000]
 total_blobs=57 nmethods=0 adapters=38
 compilation: enabled

Compilation events (0 events):
No events

GC Heap History (0 events):
No events

Deoptimization events (0 events):
No events

Classes redefined (0 events):
No events

Internal exceptions (0 events):
No events

Events (10 events):
Event: 0.015 loading class java/lang/Short
Event: 0.015 loading class java/lang/Short done
Event: 0.015 loading class java/lang/Integer
Event: 0.015 loading class java/lang/Integer done
Event: 0.015 loading class java/lang/Long
Event: 0.015 loading class java/lang/Long done
Event: 0.016 loading class java/lang/NullPointerException
Event: 0.016 loading class java/lang/NullPointerException done
Event: 0.016 loading class java/lang/ArithmeticException
Event: 0.016 loading class java/lang/ArithmeticException done


Dynamic libraries:
0x00007ff6b30e0000 - 0x00007ff6b3111000 	C:\Program Files\Android\Android Studio\jre\bin\java.exe
0x00007ffceb630000 - 0x00007ffceb810000 	C:\WINDOWS\SYSTEM32\ntdll.dll
0x00007ffcea990000 - 0x00007ffceaa3e000 	C:\WINDOWS\System32\KERNEL32.DLL
0x00007ffce7a30000 - 0x00007ffce7c96000 	C:\WINDOWS\System32\KERNELBASE.dll
0x00007ffceaae0000 - 0x00007ffceab81000 	C:\WINDOWS\System32\ADVAPI32.dll
0x00007ffceaa40000 - 0x00007ffceaadd000 	C:\WINDOWS\System32\msvcrt.dll
0x00007ffceb160000 - 0x00007ffceb1bb000 	C:\WINDOWS\System32\sechost.dll
0x00007ffce8e60000 - 0x00007ffce8f7f000 	C:\WINDOWS\System32\RPCRT4.dll
0x00007ffce8b10000 - 0x00007ffce8c9f000 	C:\WINDOWS\System32\USER32.dll
0x00007ffce88f0000 - 0x00007ffce8910000 	C:\WINDOWS\System32\win32u.dll
0x00007ffceab90000 - 0x00007ffceabb8000 	C:\WINDOWS\System32\GDI32.dll
0x00007ffce8960000 - 0x00007ffce8af3000 	C:\WINDOWS\System32\gdi32full.dll
0x00007ffce7da0000 - 0x00007ffce7e3b000 	C:\WINDOWS\System32\msvcp_win.dll
0x00007ffce7ca0000 - 0x00007ffce7d96000 	C:\WINDOWS\System32\ucrtbase.dll
0x00007ffccea40000 - 0x00007ffcceca9000 	C:\WINDOWS\WinSxS\amd64_microsoft.windows.common-controls_6595b64144ccf1df_6.0.16299.125_none_15cbcf8893620c09\COMCTL32.dll
0x00007ffce8f80000 - 0x00007ffce9288000 	C:\WINDOWS\System32\combase.dll
0x00007ffce8640000 - 0x00007ffce86b2000 	C:\WINDOWS\System32\bcryptPrimitives.dll
0x00007ffce8ca0000 - 0x00007ffce8ccd000 	C:\WINDOWS\System32\IMM32.DLL
0x0000000077cd0000 - 0x0000000077da2000 	C:\Program Files\Android\Android Studio\jre\jre\bin\msvcr100.dll
0x0000000077000000 - 0x000000007783e000 	C:\Program Files\Android\Android Studio\jre\jre\bin\server\jvm.dll
0x00007ffceb1c0000 - 0x00007ffceb1c8000 	C:\WINDOWS\System32\PSAPI.DLL
0x00007ffcdc0f0000 - 0x00007ffcdc0f9000 	C:\WINDOWS\SYSTEM32\WSOCK32.dll
0x00007ffcde580000 - 0x00007ffcde5a3000 	C:\WINDOWS\SYSTEM32\WINMM.dll
0x00007ffceb340000 - 0x00007ffceb3ac000 	C:\WINDOWS\System32\WS2_32.dll
0x00007ffcdcfd0000 - 0x00007ffcdcfda000 	C:\WINDOWS\SYSTEM32\VERSION.dll
0x00007ffcde4b0000 - 0x00007ffcde4da000 	C:\WINDOWS\SYSTEM32\WINMMBASE.dll
0x00007ffce8910000 - 0x00007ffce895a000 	C:\WINDOWS\System32\cfgmgr32.dll
0x00007ffcdd2a0000 - 0x00007ffcdd2af000 	C:\Program Files\Android\Android Studio\jre\jre\bin\verify.dll
0x00007ffcd38c0000 - 0x00007ffcd38e9000 	C:\Program Files\Android\Android Studio\jre\jre\bin\java.dll
0x00007ffcd3570000 - 0x00007ffcd3586000 	C:\Program Files\Android\Android Studio\jre\jre\bin\zip.dll

VM Arguments:
jvm_args: -Djava.awt.headless=true -Xmx1024M -Dfile.encoding=x-windows-874 -Duser.country=US -Duser.language=en -Duser.variant 
java_command: com.android.dx.command.Main --dex --force-jumbo --num-threads=4 --output C:\Users\5835512114\android-lab\TextSwitcher\Application\build\intermediates\reload-dex\debug --min-sdk-version 15 C:\Users\5835512114\android-lab\TextSwitcher\Application\build\intermediates\reload-dex\debug\classes.jar
java_class_path (initial): D:\systems\android_sdk\build-tools\26.0.2\lib\dx.jar
Launcher Type: SUN_STANDARD

Environment Variables:
JAVA_HOME=C:\Program Files\Java\jdk1.8.0_144
PATH=C:\Python3\;C:\Python3\Scripts;C:\WinAVR-20100110\bin;C:\WinAVR-20100110\utils\bin;C:\ProgramData\Oracle\Java\javapath;C:\WINDOWS\system32;C:\WINDOWS;C:\WINDOWS\System32\Wbem;C:\WINDOWS\System32\WindowsPowerShell\v1.0\;C:\Program Files\MATLAB\R2014a\runtime\win64;C:\Program Files\MATLAB\R2014a\bin;C:\Program Files\MATLAB\R2014a\polyspace\bin;C:\Program Files (x86)\Microsoft SQL Server\100\Tools\Binn\;C:\Program Files\Microsoft SQL Server\100\Tools\Binn\;C:\Program Files\Microsoft SQL Server\100\DTS\Binn\;C:\Program Files\Java\jdk1.8.0_144\bin;C:\Program Files (x86)\VideoLAN\VLC;C:\cygwin64\bin;C:\Program Files\node;C:\Program Files\node\node_modules\npm\bin;C:\Program Files\Git\cmd;C:\Program Files\Docker Toolbox;C:\Program Files\nodejs\;C:\Users\%USERSNAME%\AppData\Roaming\npm;C:\Users\5835512114\AppData\Local\Microsoft\WindowsApps;
USERNAME=5835512114
OS=Windows_NT
PROCESSOR_IDENTIFIER=Intel64 Family 6 Model 60 Stepping 3, GenuineIntel



---------------  S Y S T E M  ---------------

OS: Windows 10.0 , 64 bit Build 16299 (10.0.16299.15)

CPU:total 8 (initial active 8) (4 cores per cpu, 2 threads per core) family 6 model 60 stepping 3, cmov, cx8, fxsr, mmx, sse, sse2, sse3, ssse3, sse4.1, sse4.2, popcnt, avx, avx2, clmul, erms, lzcnt, ht, tsc, tscinvbit, bmi1, bmi2

Memory: 4k page, physical 8261292k(1281708k free), swap 8261292k(6108k free)

vm_info: OpenJDK 64-Bit Server VM (25.152-b01) for windows-amd64 JRE (1.8.0_152-release-915-b01), built by "builder" with MS VC++ 10.0 (VS2010)

time: Tue Feb 20 19:29:48 2018
elapsed time: 0 seconds (0d 0h 0m 0s)

